<?xml version="1.0" encoding="UTF-8"?>
<!-- Generated by org.testng.reporters.JUnitXMLReporter -->
<testsuite ignored="2" hostname="DESKTOP-H8KQUR0" failures="1" tests="4" name="Test" time="12.009" errors="0" timestamp="2022-08-10T18:55:48 IST">
  <testcase classname="tests.LoginTest" name="verifybuttontext" time="0.076"/>
  <testcase classname="tests.LoginTest" name="login" time="6.405"/>
  <testcase classname="tests.HomeTest" name="goToTab" time="3.541">
    <failure type="java.lang.AssertionError" message="The following asserts failed:
	expected [false] but found [true]">
      <![CDATA[java.lang.AssertionError: The following asserts failed:
expected [false] but found [true]
at tests.HomeTest.goToTab(HomeTest.java:27)
at java.base/java.util.ArrayList.forEach(ArrayList.java:1511)
... Removed 33 stack frames]]>
    </failure>
  </testcase> <!-- goToTab -->
  <testcase classname="tests.HomeTest" name="logout" time="1.811"/>
  <testcase classname="tests.BaseTest" name="@BeforeSuite init" time="0.0">
    <ignored/>
  </testcase> <!-- @BeforeSuite init -->
  <testcase classname="tests.BaseTest" name="@AfterSuite tearDown" time="0.0">
    <ignored/>
  </testcase> <!-- @AfterSuite tearDown -->
</testsuite> <!-- Test -->
